2025-07-18 07:55:36,937 - VCNS-Timer-Launcher - INFO - Starting VCNS Timer Launcher
2025-07-18 07:55:36,944 - VCNS-Timer-Launcher - CRITICAL - Script not found: /bellapp/ubuntu_config_service.py
2025-07-18 07:55:39,436 - VCNS-Timer-Launcher - INFO - Starting VCNS Timer Launcher
2025-07-18 07:55:39,438 - VCNS-Timer-Launcher - CRITICAL - Script not found: /bellapp/ubuntu_config_service.py
2025-07-18 07:55:40,966 - VCNS-Timer-Launcher - INFO - Starting VCNS Timer Launcher
2025-07-18 07:55:40,972 - VCNS-Timer-Launcher - CRITICAL - Script not found: /bellapp/ubuntu_config_service.py
2025-07-18 07:55:42,542 - VCNS-Timer-Launcher - INFO - Starting VCNS Timer Launcher
2025-07-18 07:55:42,546 - VCNS-Timer-Launcher - CRITICAL - Script not found: /bellapp/ubuntu_config_service.py
2025-07-18 07:55:44,904 - VCNS-Timer-Launcher - INFO - Starting VCNS Timer Launcher
2025-07-18 07:55:44,906 - VCNS-Timer-Launcher - CRITICAL - Script not found: /bellapp/ubuntu_config_service.py
2025-07-18 07:55:47,516 - VCNS-Timer-Launcher - INFO - Starting VCNS Timer Launcher
2025-07-18 07:55:47,521 - VCNS-Timer-Launcher - CRITICAL - Script not found: /bellapp/ubuntu_config_service.py
2025-07-18 07:55:51,755 - VCNS-Timer-Launcher - INFO - Starting VCNS Timer Launcher
2025-07-18 07:55:51,757 - VCNS-Timer-Launcher - CRITICAL - Script not found: /bellapp/ubuntu_config_service.py
2025-07-18 07:56:01,635 - VCNS-Timer-Launcher - INFO - Starting VCNS Timer Launcher
2025-07-18 07:56:01,643 - VCNS-Timer-Launcher - CRITICAL - Script not found: /bellapp/ubuntu_config_service.py
2025-07-18 07:56:16,735 - VCNS-Timer-Launcher - INFO - Starting VCNS Timer Launcher
2025-07-18 07:56:16,746 - VCNS-Timer-Launcher - CRITICAL - Script not found: /bellapp/ubuntu_config_service.py
2025-07-18 07:56:44,341 - VCNS-Timer-Launcher - INFO - Starting VCNS Timer Launcher
2025-07-18 07:56:44,343 - VCNS-Timer-Launcher - CRITICAL - Script not found: /bellapp/ubuntu_config_service.py
2025-07-18 08:00:41,241 - VCNS-Timer-Launcher - INFO - Starting VCNS Timer Launcher
2025-07-18 08:00:41,242 - VCNS-Timer-Launcher - INFO - Running inside Docker container.
2025-07-18 08:00:41,243 - VCNS-Timer-Launcher - INFO - Starting vcns_timer_service as subprocess in Docker/WSL...
2025-07-18 08:00:41,247 - VCNS-Timer-Launcher - INFO - vcns_timer_service started with PID: 7
2025-07-18 08:00:46,249 - VCNS-Timer-Launcher - INFO - Starting vcns_timer_web as subprocess in Docker/WSL...
2025-07-18 08:00:46,255 - VCNS-Timer-Launcher - INFO - vcns_timer_web started with PID: 10
2025-07-18 08:00:46,256 - VCNS-Timer-Launcher - INFO - Monitoring services
2025-07-18 08:00:46,257 - VCNS-Timer-Launcher - INFO - Monitoring subprocesses...
2025-07-18 08:10:11,556 - VCNS-Timer-Launcher - INFO - Starting VCNS Timer Launcher
2025-07-18 08:10:11,561 - VCNS-Timer-Launcher - INFO - Running inside Docker container.
2025-07-18 08:10:11,562 - VCNS-Timer-Launcher - INFO - Starting vcns_timer_service as subprocess in Docker/WSL...
2025-07-18 08:10:11,564 - VCNS-Timer-Launcher - INFO - vcns_timer_service started with PID: 6
2025-07-18 08:10:16,569 - VCNS-Timer-Launcher - INFO - Starting vcns_timer_web as subprocess in Docker/WSL...
2025-07-18 08:10:16,572 - VCNS-Timer-Launcher - INFO - vcns_timer_web started with PID: 9
2025-07-18 08:10:16,572 - VCNS-Timer-Launcher - INFO - Monitoring services
2025-07-18 08:10:16,574 - VCNS-Timer-Launcher - INFO - Monitoring subprocesses...
2025-07-18 08:20:54,071 - VCNS-Timer-Launcher - INFO - Starting VCNS Timer Launcher
2025-07-18 08:20:54,077 - VCNS-Timer-Launcher - INFO - Running inside Docker container.
2025-07-18 08:20:54,080 - VCNS-Timer-Launcher - INFO - Starting vcns_timer_service as subprocess in Docker/WSL...
2025-07-18 08:20:54,082 - VCNS-Timer-Launcher - INFO - vcns_timer_service started with PID: 8
2025-07-18 08:20:59,085 - VCNS-Timer-Launcher - INFO - Starting vcns_timer_web as subprocess in Docker/WSL...
2025-07-18 08:20:59,088 - VCNS-Timer-Launcher - INFO - vcns_timer_web started with PID: 11
2025-07-18 08:20:59,090 - VCNS-Timer-Launcher - INFO - Monitoring services
2025-07-18 08:20:59,091 - VCNS-Timer-Launcher - INFO - Monitoring subprocesses...
2025-07-18 08:44:10,840 - VCNS-Timer-Launcher - INFO - Starting VCNS Timer Launcher
2025-07-18 08:44:10,843 - VCNS-Timer-Launcher - INFO - Running inside Docker container.
2025-07-18 08:44:10,848 - VCNS-Timer-Launcher - INFO - Starting vcns_timer_service as subprocess in Docker/WSL with log redirection...
2025-07-18 08:44:10,902 - VCNS-Timer-Launcher - INFO - vcns_timer_service started with PID: 7. Logs redirected to /bellapp/logs/vcns_timer_service.log
2025-07-18 08:44:15,913 - VCNS-Timer-Launcher - INFO - Starting vcns_timer_web as subprocess in Docker/WSL with log redirection...
2025-07-18 08:44:15,930 - VCNS-Timer-Launcher - INFO - vcns_timer_web started with PID: 10. Logs redirected to /bellapp/logs/vcns_timer_web.log
2025-07-18 08:44:15,932 - VCNS-Timer-Launcher - INFO - Monitoring services
2025-07-18 08:44:15,933 - VCNS-Timer-Launcher - INFO - Monitoring subprocesses...
2025-07-18 08:50:22,368 - VCNS-Timer-Launcher - INFO - Starting VCNS Timer Launcher
2025-07-18 08:50:22,369 - VCNS-Timer-Launcher - INFO - Running inside Docker container.
2025-07-18 08:50:22,371 - VCNS-Timer-Launcher - INFO - Starting vcns_timer_service as subprocess in Docker/WSL with log redirection...
2025-07-18 08:50:22,385 - VCNS-Timer-Launcher - INFO - vcns_timer_service started with PID: 7. Logs redirected to /bellapp/logs/vcns_timer_service.log
2025-07-18 08:50:27,403 - VCNS-Timer-Launcher - INFO - Starting vcns_timer_web as subprocess in Docker/WSL with log redirection...
2025-07-18 08:50:27,414 - VCNS-Timer-Launcher - INFO - vcns_timer_web started with PID: 10. Logs redirected to /bellapp/logs/vcns_timer_web.log
2025-07-18 08:50:27,415 - VCNS-Timer-Launcher - INFO - Monitoring services
2025-07-18 08:50:27,415 - VCNS-Timer-Launcher - INFO - Monitoring subprocesses...
2025-07-18 09:00:31,099 - VCNS-Timer-Launcher - INFO - Starting VCNS Timer Launcher
2025-07-18 09:00:31,103 - VCNS-Timer-Launcher - INFO - Running inside Docker container.
2025-07-18 09:00:31,104 - VCNS-Timer-Launcher - INFO - Starting vcns_timer_service as subprocess in Docker/WSL with log redirection...
2025-07-18 09:00:31,228 - VCNS-Timer-Launcher - INFO - vcns_timer_service started with PID: 6. Logs redirected to /bellapp/logs/vcns_timer_service.log
2025-07-18 09:00:36,266 - VCNS-Timer-Launcher - INFO - Starting vcns_timer_web as subprocess in Docker/WSL with log redirection...
2025-07-18 09:00:36,275 - VCNS-Timer-Launcher - INFO - vcns_timer_web started with PID: 9. Logs redirected to /bellapp/logs/vcns_timer_web.log
2025-07-18 09:00:36,276 - VCNS-Timer-Launcher - INFO - Monitoring services
2025-07-18 09:00:36,277 - VCNS-Timer-Launcher - INFO - Monitoring subprocesses...
2025-07-18 09:13:05,182 - VCNS-Timer-Launcher - INFO - Starting VCNS Timer Launcher
2025-07-18 09:13:05,197 - VCNS-Timer-Launcher - INFO - Running inside Docker container.
2025-07-18 09:13:05,214 - VCNS-Timer-Launcher - INFO - Starting vcns_timer_service as subprocess in Docker/WSL with log redirection...
2025-07-18 09:13:05,244 - VCNS-Timer-Launcher - INFO - vcns_timer_service started with PID: 7. Logs redirected to /bellapp/logs/vcns_timer_service.log
2025-07-18 09:13:11,332 - VCNS-Timer-Launcher - INFO - Starting vcns_timer_web as subprocess in Docker/WSL with log redirection...
2025-07-18 09:13:11,348 - VCNS-Timer-Launcher - INFO - vcns_timer_web started with PID: 10. Logs redirected to /bellapp/logs/vcns_timer_web.log
2025-07-18 09:13:11,350 - VCNS-Timer-Launcher - INFO - Monitoring services
2025-07-18 09:13:11,352 - VCNS-Timer-Launcher - INFO - Monitoring subprocesses...
2025-07-18 09:35:21,530 - VCNS-Timer-Launcher - INFO - Starting VCNS Timer Launcher
2025-07-18 09:35:21,533 - VCNS-Timer-Launcher - INFO - Running inside Docker container.
2025-07-18 09:35:21,542 - VCNS-Timer-Launcher - INFO - Starting vcns_timer_service as subprocess in Docker/WSL with log redirection...
2025-07-18 09:35:21,559 - VCNS-Timer-Launcher - INFO - vcns_timer_service started with PID: 7. Logs redirected to /bellapp/logs/vcns_timer_service.log
2025-07-18 09:35:27,653 - VCNS-Timer-Launcher - INFO - Starting vcns_timer_web as subprocess in Docker/WSL with log redirection...
2025-07-18 09:35:27,663 - VCNS-Timer-Launcher - INFO - vcns_timer_web started with PID: 10. Logs redirected to /bellapp/logs/vcns_timer_web.log
2025-07-18 09:35:27,664 - VCNS-Timer-Launcher - INFO - Monitoring services
2025-07-18 09:35:27,665 - VCNS-Timer-Launcher - INFO - Monitoring subprocesses...
2025-07-18 10:00:37,595 - VCNS-Timer-Launcher - INFO - Starting VCNS Timer Launcher
2025-07-18 10:00:37,609 - VCNS-Timer-Launcher - INFO - Running inside Docker container.
2025-07-18 10:00:37,612 - VCNS-Timer-Launcher - INFO - Starting vcns_timer_service as subprocess in Docker/WSL with log redirection...
2025-07-18 10:00:37,631 - VCNS-Timer-Launcher - INFO - vcns_timer_service started with PID: 7. Logs redirected to /bellapp/logs/vcns_timer_service.log
2025-07-18 10:00:42,632 - VCNS-Timer-Launcher - INFO - Starting vcns_timer_web as subprocess in Docker/WSL with log redirection...
2025-07-18 10:00:42,668 - VCNS-Timer-Launcher - INFO - vcns_timer_web started with PID: 10. Logs redirected to /bellapp/logs/vcns_timer_web.log
2025-07-18 10:00:42,688 - VCNS-Timer-Launcher - INFO - Monitoring services
2025-07-18 10:00:42,696 - VCNS-Timer-Launcher - INFO - Monitoring subprocesses...
2025-07-18 11:50:18,004 - VCNS-Timer-Launcher - INFO - Starting VCNS Timer Launcher
2025-07-18 11:50:18,006 - VCNS-Timer-Launcher - INFO - Running inside Docker container.
2025-07-18 11:50:18,007 - VCNS-Timer-Launcher - INFO - Starting vcns_timer_service as subprocess in Docker/WSL with log redirection...
2025-07-18 11:50:18,135 - VCNS-Timer-Launcher - INFO - vcns_timer_service started with PID: 7. Logs redirected to /bellapp/logs/vcns_timer_service.log
2025-07-18 11:50:23,140 - VCNS-Timer-Launcher - INFO - Starting vcns_timer_web as subprocess in Docker/WSL with log redirection...
2025-07-18 11:50:23,203 - VCNS-Timer-Launcher - INFO - vcns_timer_web started with PID: 10. Logs redirected to /bellapp/logs/vcns_timer_web.log
2025-07-18 11:50:23,206 - VCNS-Timer-Launcher - INFO - Monitoring services
2025-07-18 11:50:23,207 - VCNS-Timer-Launcher - INFO - Monitoring subprocesses...
2025-07-18 12:29:22,161 - VCNS-Timer-Launcher - INFO - Starting VCNS Timer Launcher
2025-07-18 12:29:22,369 - VCNS-Timer-Launcher - INFO - Running inside Docker container.
2025-07-18 12:29:22,392 - VCNS-Timer-Launcher - INFO - Starting vcns_timer_service as subprocess in Docker/WSL with log redirection...
2025-07-18 12:29:22,490 - VCNS-Timer-Launcher - INFO - vcns_timer_service started with PID: 7. Logs redirected to /bellapp/logs/vcns_timer_service.log
2025-07-18 12:29:27,493 - VCNS-Timer-Launcher - INFO - Starting vcns_timer_web as subprocess in Docker/WSL with log redirection...
2025-07-18 12:29:28,329 - VCNS-Timer-Launcher - INFO - vcns_timer_web started with PID: 8. Logs redirected to /bellapp/logs/vcns_timer_web.log
2025-07-18 12:29:28,396 - VCNS-Timer-Launcher - INFO - Monitoring services
2025-07-18 12:29:28,472 - VCNS-Timer-Launcher - INFO - Monitoring subprocesses...
2025-07-18 13:07:08,722 - VCNS-Timer-Launcher - INFO - Starting VCNS Timer Launcher
2025-07-18 13:07:08,876 - VCNS-Timer-Launcher - INFO - Running inside Docker container.
2025-07-18 13:07:08,878 - VCNS-Timer-Launcher - INFO - Starting vcns_timer_service as subprocess in Docker/WSL with log redirection...
2025-07-18 13:07:08,896 - VCNS-Timer-Launcher - INFO - vcns_timer_service started with PID: 7. Logs redirected to /bellapp/logs/vcns_timer_service.log
2025-07-18 13:07:13,927 - VCNS-Timer-Launcher - INFO - Starting vcns_timer_web as subprocess in Docker/WSL with log redirection...
2025-07-18 13:07:14,254 - VCNS-Timer-Launcher - INFO - vcns_timer_web started with PID: 8. Logs redirected to /bellapp/logs/vcns_timer_web.log
2025-07-18 13:07:14,376 - VCNS-Timer-Launcher - INFO - Monitoring services
2025-07-18 13:07:14,381 - VCNS-Timer-Launcher - INFO - Monitoring subprocesses...
2025-07-27 21:52:52,915 - VCNS-Timer-Launcher - INFO - Starting VCNS Timer Launcher
2025-07-27 21:52:52,920 - VCNS-Timer-Launcher - INFO - Running inside Docker container.
2025-07-27 21:52:53,058 - VCNS-Timer-Launcher - INFO - Starting vcns_timer_service as subprocess in Docker/WSL with log redirection...
2025-07-27 21:52:53,536 - VCNS-Timer-Launcher - INFO - vcns_timer_service started with PID: 7. Logs redirected to /bellapp/logs/vcns_timer_service.log
2025-07-27 21:52:58,671 - VCNS-Timer-Launcher - INFO - Starting vcns_timer_web as subprocess in Docker/WSL with log redirection...
2025-07-27 21:52:58,836 - VCNS-Timer-Launcher - INFO - vcns_timer_web started with PID: 8. Logs redirected to /bellapp/logs/vcns_timer_web.log
2025-07-27 21:52:58,837 - VCNS-Timer-Launcher - INFO - Monitoring services
2025-07-27 21:52:58,839 - VCNS-Timer-Launcher - INFO - Monitoring subprocesses...
2025-08-02 07:46:15,275 - VCNS-Timer-Launcher - INFO - Starting VCNS Timer Launcher
2025-08-02 07:46:15,285 - VCNS-Timer-Launcher - INFO - Running inside Docker container.
2025-08-02 07:46:15,289 - VCNS-Timer-Launcher - INFO - Starting vcns_timer_service as subprocess in Docker/WSL with log redirection...
2025-08-02 07:46:15,423 - VCNS-Timer-Launcher - INFO - vcns_timer_service started with PID: 7. Logs redirected to /bellapp/logs/vcns_timer_service.log
2025-08-02 07:46:20,505 - VCNS-Timer-Launcher - INFO - Starting vcns_timer_web as subprocess in Docker/WSL with log redirection...
2025-08-02 07:46:20,820 - VCNS-Timer-Launcher - INFO - vcns_timer_web started with PID: 8. Logs redirected to /bellapp/logs/vcns_timer_web.log
2025-08-02 07:46:20,835 - VCNS-Timer-Launcher - INFO - Monitoring services
2025-08-02 07:46:20,852 - VCNS-Timer-Launcher - INFO - Monitoring subprocesses...
2025-08-02 07:47:23,967 - VCNS-Timer-Launcher - INFO - Starting VCNS Timer Launcher
2025-08-02 07:47:23,968 - VCNS-Timer-Launcher - INFO - Running inside Docker container.
2025-08-02 07:47:23,969 - VCNS-Timer-Launcher - INFO - Starting vcns_timer_service as subprocess in Docker/WSL with log redirection...
2025-08-02 07:47:24,016 - VCNS-Timer-Launcher - INFO - vcns_timer_service started with PID: 7. Logs redirected to /bellapp/logs/vcns_timer_service.log
2025-08-02 07:47:29,036 - VCNS-Timer-Launcher - INFO - Starting vcns_timer_web as subprocess in Docker/WSL with log redirection...
2025-08-02 07:47:29,045 - VCNS-Timer-Launcher - INFO - vcns_timer_web started with PID: 10. Logs redirected to /bellapp/logs/vcns_timer_web.log
2025-08-02 07:47:29,046 - VCNS-Timer-Launcher - INFO - Monitoring services
2025-08-02 07:47:29,047 - VCNS-Timer-Launcher - INFO - Monitoring subprocesses...
2025-08-02 07:54:41,781 - VCNS-Timer-Launcher - INFO - Starting VCNS Timer Launcher
2025-08-02 07:54:41,804 - VCNS-Timer-Launcher - INFO - Running inside Docker container.
2025-08-02 07:54:41,806 - VCNS-Timer-Launcher - INFO - Starting vcns_timer_service as subprocess in Docker/WSL with log redirection...
2025-08-02 07:54:41,828 - VCNS-Timer-Launcher - INFO - vcns_timer_service started with PID: 6. Logs redirected to /bellapp/logs/vcns_timer_service.log
2025-08-02 07:54:46,829 - VCNS-Timer-Launcher - INFO - Starting vcns_timer_web as subprocess in Docker/WSL with log redirection...
2025-08-02 07:54:46,847 - VCNS-Timer-Launcher - INFO - vcns_timer_web started with PID: 7. Logs redirected to /bellapp/logs/vcns_timer_web.log
2025-08-02 07:54:46,851 - VCNS-Timer-Launcher - INFO - Monitoring services
2025-08-02 07:54:46,855 - VCNS-Timer-Launcher - INFO - Monitoring subprocesses...
2025-08-02 09:06:05,616 - VCNS-Timer-Launcher - INFO - Starting VCNS Timer Launcher
2025-08-02 09:06:05,720 - VCNS-Timer-Launcher - INFO - Running inside Docker container.
2025-08-02 09:06:05,750 - VCNS-Timer-Launcher - INFO - Starting vcns_timer_service as subprocess in Docker/WSL with log redirection...
2025-08-02 09:06:05,819 - VCNS-Timer-Launcher - INFO - vcns_timer_service started with PID: 6. Logs redirected to /bellapp/logs/vcns_timer_service.log
2025-08-02 09:06:10,852 - VCNS-Timer-Launcher - INFO - Starting vcns_timer_web as subprocess in Docker/WSL with log redirection...
2025-08-02 09:06:10,875 - VCNS-Timer-Launcher - INFO - vcns_timer_web started with PID: 7. Logs redirected to /bellapp/logs/vcns_timer_web.log
2025-08-02 09:06:10,877 - VCNS-Timer-Launcher - INFO - Monitoring services
2025-08-02 09:06:10,878 - VCNS-Timer-Launcher - INFO - Monitoring subprocesses...
2025-08-02 09:45:40,733 - VCNS-Timer-Launcher - INFO - Starting VCNS Timer Launcher
2025-08-02 09:45:40,748 - VCNS-Timer-Launcher - INFO - Running inside Docker container.
2025-08-02 09:45:40,753 - VCNS-Timer-Launcher - INFO - Starting vcns_timer_service as subprocess in Docker/WSL with log redirection...
2025-08-02 09:45:40,836 - VCNS-Timer-Launcher - INFO - vcns_timer_service started with PID: 7. Logs redirected to /bellapp/logs/vcns_timer_service.log
2025-08-02 09:45:47,947 - VCNS-Timer-Launcher - INFO - Starting vcns_timer_web as subprocess in Docker/WSL with log redirection...
2025-08-02 09:45:47,958 - VCNS-Timer-Launcher - INFO - vcns_timer_web started with PID: 10. Logs redirected to /bellapp/logs/vcns_timer_web.log
2025-08-02 09:45:47,959 - VCNS-Timer-Launcher - INFO - Monitoring services
2025-08-02 09:45:47,960 - VCNS-Timer-Launcher - INFO - Monitoring subprocesses...
2025-08-02 10:29:26,348 - VCNS-Timer-Launcher - INFO - Starting VCNS Timer Launcher
2025-08-02 10:29:26,355 - VCNS-Timer-Launcher - INFO - Running inside Docker container.
2025-08-02 10:29:26,358 - VCNS-Timer-Launcher - INFO - Starting vcns_timer_service as subprocess in Docker/WSL with log redirection...
2025-08-02 10:29:26,380 - VCNS-Timer-Launcher - INFO - vcns_timer_service started with PID: 7. Logs redirected to /bellapp/logs/vcns_timer_service.log
2025-08-02 10:29:31,387 - VCNS-Timer-Launcher - INFO - Starting vcns_timer_web as subprocess in Docker/WSL with log redirection...
2025-08-02 10:29:31,429 - VCNS-Timer-Launcher - INFO - vcns_timer_web started with PID: 10. Logs redirected to /bellapp/logs/vcns_timer_web.log
2025-08-02 10:29:31,444 - VCNS-Timer-Launcher - INFO - Monitoring services
2025-08-02 10:29:31,451 - VCNS-Timer-Launcher - INFO - Monitoring subprocesses...
2025-08-02 11:00:55,863 - VCNS-Timer-Launcher - INFO - Starting VCNS Timer Launcher
2025-08-02 11:00:55,877 - VCNS-Timer-Launcher - INFO - Running inside Docker container.
2025-08-02 11:00:55,879 - VCNS-Timer-Launcher - INFO - Starting vcns_timer_service as subprocess in Docker/WSL with log redirection...
2025-08-02 11:00:55,902 - VCNS-Timer-Launcher - INFO - vcns_timer_service started with PID: 7. Logs redirected to /bellapp/logs/vcns_timer_service.log
2025-08-02 11:01:00,925 - VCNS-Timer-Launcher - INFO - Starting vcns_timer_web as subprocess in Docker/WSL with log redirection...
2025-08-02 11:01:00,936 - VCNS-Timer-Launcher - INFO - vcns_timer_web started with PID: 10. Logs redirected to /bellapp/logs/vcns_timer_web.log
2025-08-02 11:01:00,943 - VCNS-Timer-Launcher - INFO - Monitoring services
2025-08-02 11:01:00,944 - VCNS-Timer-Launcher - INFO - Monitoring subprocesses...
2025-08-02 11:42:12,403 - VCNS-Timer-Launcher - INFO - Starting VCNS Timer Launcher
2025-08-02 11:42:12,533 - VCNS-Timer-Launcher - INFO - Running inside Docker container.
2025-08-02 11:42:12,601 - VCNS-Timer-Launcher - INFO - Starting vcns_timer_service as subprocess in Docker/WSL with log redirection...
2025-08-02 11:42:12,913 - VCNS-Timer-Launcher - INFO - vcns_timer_service started with PID: 7. Logs redirected to /bellapp/logs/vcns_timer_service.log
2025-08-02 11:42:17,999 - VCNS-Timer-Launcher - INFO - Starting vcns_timer_web as subprocess in Docker/WSL with log redirection...
2025-08-02 11:42:18,011 - VCNS-Timer-Launcher - INFO - vcns_timer_web started with PID: 8. Logs redirected to /bellapp/logs/vcns_timer_web.log
2025-08-02 11:42:18,013 - VCNS-Timer-Launcher - INFO - Monitoring services
2025-08-02 11:42:18,015 - VCNS-Timer-Launcher - INFO - Monitoring subprocesses...
2025-08-02 12:55:17,370 - VCNS-Timer-Launcher - INFO - Starting VCNS Timer Launcher
2025-08-02 12:55:18,013 - VCNS-Timer-Launcher - INFO - Running inside Docker container.
2025-08-02 12:55:18,788 - VCNS-Timer-Launcher - INFO - Starting vcns_timer_service as subprocess in Docker/WSL with log redirection...
2025-08-02 12:55:19,275 - VCNS-Timer-Launcher - INFO - vcns_timer_service started with PID: 6. Logs redirected to /bellapp/logs/vcns_timer_service.log
2025-08-02 12:55:24,290 - VCNS-Timer-Launcher - INFO - Starting vcns_timer_web as subprocess in Docker/WSL with log redirection...
2025-08-02 12:55:24,713 - VCNS-Timer-Launcher - INFO - vcns_timer_web started with PID: 7. Logs redirected to /bellapp/logs/vcns_timer_web.log
2025-08-02 12:55:25,699 - VCNS-Timer-Launcher - INFO - Monitoring services
2025-08-02 12:55:26,903 - VCNS-Timer-Launcher - INFO - Monitoring subprocesses...
2025-08-02 14:44:55,903 - VCNS-Timer-Launcher - INFO - Starting VCNS Timer Launcher
2025-08-02 14:44:55,934 - VCNS-Timer-Launcher - INFO - Running inside Docker container.
2025-08-02 14:44:55,949 - VCNS-Timer-Launcher - INFO - Starting vcns_timer_service as subprocess in Docker/WSL with log redirection...
2025-08-02 14:44:56,138 - VCNS-Timer-Launcher - INFO - vcns_timer_service started with PID: 7. Logs redirected to /bellapp/logs/vcns_timer_service.log
2025-08-02 14:45:01,172 - VCNS-Timer-Launcher - INFO - Starting vcns_timer_web as subprocess in Docker/WSL with log redirection...
2025-08-02 14:45:02,579 - VCNS-Timer-Launcher - INFO - vcns_timer_web started with PID: 8. Logs redirected to /bellapp/logs/vcns_timer_web.log
2025-08-02 14:45:02,582 - VCNS-Timer-Launcher - INFO - Monitoring services
2025-08-02 14:45:02,656 - VCNS-Timer-Launcher - INFO - Monitoring subprocesses...
2025-08-02 15:28:05,081 - VCNS-Timer-Launcher - INFO - Starting VCNS Timer Launcher
2025-08-02 15:28:05,139 - VCNS-Timer-Launcher - INFO - Running inside Docker container.
2025-08-02 15:28:05,139 - VCNS-Timer-Launcher - INFO - Starting vcns_timer_service as subprocess in Docker/WSL with log redirection...
2025-08-02 15:28:05,175 - VCNS-Timer-Launcher - INFO - vcns_timer_service started with PID: 7. Logs redirected to /bellapp/logs/vcns_timer_service.log
2025-08-02 15:28:10,178 - VCNS-Timer-Launcher - INFO - Starting vcns_timer_web as subprocess in Docker/WSL with log redirection...
2025-08-02 15:28:10,186 - VCNS-Timer-Launcher - INFO - vcns_timer_web started with PID: 10. Logs redirected to /bellapp/logs/vcns_timer_web.log
2025-08-02 15:28:10,187 - VCNS-Timer-Launcher - INFO - Monitoring services
2025-08-02 15:28:10,187 - VCNS-Timer-Launcher - INFO - Monitoring subprocesses...
2025-08-02 15:45:57,486 - VCNS-Timer-Launcher - INFO - Starting VCNS Timer Launcher
2025-08-02 15:45:57,492 - VCNS-Timer-Launcher - INFO - Running inside Docker container.
2025-08-02 15:45:57,494 - VCNS-Timer-Launcher - INFO - Starting vcns_timer_service as subprocess in Docker/WSL with log redirection...
2025-08-02 15:45:57,521 - VCNS-Timer-Launcher - INFO - vcns_timer_service started with PID: 7. Logs redirected to /bellapp/logs/vcns_timer_service.log
2025-08-02 15:46:04,907 - VCNS-Timer-Launcher - INFO - Starting vcns_timer_web as subprocess in Docker/WSL with log redirection...
2025-08-02 15:46:04,926 - VCNS-Timer-Launcher - INFO - vcns_timer_web started with PID: 10. Logs redirected to /bellapp/logs/vcns_timer_web.log
2025-08-02 15:46:04,928 - VCNS-Timer-Launcher - INFO - Monitoring services
2025-08-02 15:46:04,929 - VCNS-Timer-Launcher - INFO - Monitoring subprocesses...
2025-08-02 17:10:01,937 - VCNS-Timer-Launcher - INFO - Starting VCNS Timer Launcher
2025-08-02 17:10:01,959 - VCNS-Timer-Launcher - INFO - Running inside Docker container.
2025-08-02 17:10:01,960 - VCNS-Timer-Launcher - INFO - Starting vcns_timer_service as subprocess in Docker/WSL with log redirection...
2025-08-02 17:10:02,001 - VCNS-Timer-Launcher - INFO - vcns_timer_service started with PID: 7. Logs redirected to /bellapp/logs/vcns_timer_service.log
2025-08-02 17:10:07,020 - VCNS-Timer-Launcher - INFO - Starting vcns_timer_web as subprocess in Docker/WSL with log redirection...
2025-08-02 17:10:07,028 - VCNS-Timer-Launcher - INFO - vcns_timer_web started with PID: 10. Logs redirected to /bellapp/logs/vcns_timer_web.log
2025-08-02 17:10:07,029 - VCNS-Timer-Launcher - INFO - Monitoring services
2025-08-02 17:10:07,030 - VCNS-Timer-Launcher - INFO - Monitoring subprocesses...
2025-08-02 17:37:24,440 - VCNS-Timer-Launcher - INFO - Starting VCNS Timer Launcher
2025-08-02 17:37:24,445 - VCNS-Timer-Launcher - INFO - Running inside Docker container.
2025-08-02 17:37:24,449 - VCNS-Timer-Launcher - INFO - Starting vcns_timer_service as subprocess in Docker/WSL with log redirection...
2025-08-02 17:37:24,509 - VCNS-Timer-Launcher - INFO - vcns_timer_service started with PID: 8. Logs redirected to /bellapp/logs/vcns_timer_service.log
2025-08-02 17:37:29,511 - VCNS-Timer-Launcher - INFO - Starting vcns_timer_web as subprocess in Docker/WSL with log redirection...
2025-08-02 17:37:29,528 - VCNS-Timer-Launcher - INFO - vcns_timer_web started with PID: 11. Logs redirected to /bellapp/logs/vcns_timer_web.log
2025-08-02 17:37:29,529 - VCNS-Timer-Launcher - INFO - Monitoring services
2025-08-02 17:37:29,529 - VCNS-Timer-Launcher - INFO - Monitoring subprocesses...
2025-08-02 17:44:23,323 - VCNS-Timer-Launcher - INFO - Starting VCNS Timer Launcher
2025-08-02 17:44:23,334 - VCNS-Timer-Launcher - INFO - Running inside Docker container.
2025-08-02 17:44:23,335 - VCNS-Timer-Launcher - INFO - Starting vcns_timer_service as subprocess in Docker/WSL with log redirection...
2025-08-02 17:44:23,350 - VCNS-Timer-Launcher - INFO - vcns_timer_service started with PID: 7. Logs redirected to /bellapp/logs/vcns_timer_service.log
2025-08-02 17:44:28,375 - VCNS-Timer-Launcher - INFO - Starting vcns_timer_web as subprocess in Docker/WSL with log redirection...
2025-08-02 17:44:28,490 - VCNS-Timer-Launcher - INFO - vcns_timer_web started with PID: 8. Logs redirected to /bellapp/logs/vcns_timer_web.log
2025-08-02 17:44:28,492 - VCNS-Timer-Launcher - INFO - Monitoring services
2025-08-02 17:44:28,492 - VCNS-Timer-Launcher - INFO - Monitoring subprocesses...
2025-08-02 17:50:06,760 - VCNS-Timer-Launcher - INFO - Starting VCNS Timer Launcher
2025-08-02 17:50:06,818 - VCNS-Timer-Launcher - INFO - Running inside Docker container.
2025-08-02 17:50:06,878 - VCNS-Timer-Launcher - INFO - Starting vcns_timer_service as subprocess in Docker/WSL with log redirection...
2025-08-02 17:50:07,014 - VCNS-Timer-Launcher - INFO - vcns_timer_service started with PID: 7. Logs redirected to /bellapp/logs/vcns_timer_service.log
2025-08-02 17:50:12,050 - VCNS-Timer-Launcher - INFO - Starting vcns_timer_web as subprocess in Docker/WSL with log redirection...
2025-08-02 17:50:12,060 - VCNS-Timer-Launcher - INFO - vcns_timer_web started with PID: 10. Logs redirected to /bellapp/logs/vcns_timer_web.log
2025-08-02 17:50:12,061 - VCNS-Timer-Launcher - INFO - Monitoring services
2025-08-02 17:50:12,062 - VCNS-Timer-Launcher - INFO - Monitoring subprocesses...
2025-08-02 17:53:59,013 - VCNS-Timer-Launcher - INFO - Starting VCNS Timer Launcher
2025-08-02 17:53:59,037 - VCNS-Timer-Launcher - INFO - Running inside Docker container.
2025-08-02 17:53:59,038 - VCNS-Timer-Launcher - INFO - Starting vcns_timer_service as subprocess in Docker/WSL with log redirection...
2025-08-02 17:53:59,082 - VCNS-Timer-Launcher - INFO - vcns_timer_service started with PID: 7. Logs redirected to /bellapp/logs/vcns_timer_service.log
2025-08-02 17:54:04,084 - VCNS-Timer-Launcher - INFO - Starting vcns_timer_web as subprocess in Docker/WSL with log redirection...
2025-08-02 17:54:04,204 - VCNS-Timer-Launcher - INFO - vcns_timer_web started with PID: 10. Logs redirected to /bellapp/logs/vcns_timer_web.log
2025-08-02 17:54:04,204 - VCNS-Timer-Launcher - INFO - Monitoring services
2025-08-02 17:54:04,205 - VCNS-Timer-Launcher - INFO - Monitoring subprocesses...
2025-08-02 18:19:54,712 - VCNS-Timer-Launcher - INFO - Starting VCNS Timer Launcher
2025-08-02 18:19:54,715 - VCNS-Timer-Launcher - INFO - Running inside Docker container.
2025-08-02 18:19:54,716 - VCNS-Timer-Launcher - INFO - Starting vcns_timer_service as subprocess in Docker/WSL with log redirection...
2025-08-02 18:19:54,752 - VCNS-Timer-Launcher - INFO - vcns_timer_service started with PID: 8. Logs redirected to /bellapp/logs/vcns_timer_service.log
2025-08-02 18:19:59,755 - VCNS-Timer-Launcher - INFO - Starting vcns_timer_web as subprocess in Docker/WSL with log redirection...
2025-08-02 18:19:59,773 - VCNS-Timer-Launcher - INFO - vcns_timer_web started with PID: 11. Logs redirected to /bellapp/logs/vcns_timer_web.log
2025-08-02 18:19:59,778 - VCNS-Timer-Launcher - INFO - Monitoring services
2025-08-02 18:19:59,779 - VCNS-Timer-Launcher - INFO - Monitoring subprocesses...
2025-08-02 18:25:50,072 - VCNS-Timer-Launcher - INFO - Starting VCNS Timer Launcher
2025-08-02 18:25:50,081 - VCNS-Timer-Launcher - INFO - Running inside Docker container.
2025-08-02 18:25:50,116 - VCNS-Timer-Launcher - INFO - Starting vcns_timer_service as subprocess in Docker/WSL with log redirection...
2025-08-02 18:25:50,230 - VCNS-Timer-Launcher - INFO - vcns_timer_service started with PID: 7. Logs redirected to /bellapp/logs/vcns_timer_service.log
2025-08-02 18:25:55,234 - VCNS-Timer-Launcher - INFO - Starting vcns_timer_web as subprocess in Docker/WSL with log redirection...
2025-08-02 18:25:55,249 - VCNS-Timer-Launcher - INFO - vcns_timer_web started with PID: 10. Logs redirected to /bellapp/logs/vcns_timer_web.log
2025-08-02 18:25:55,250 - VCNS-Timer-Launcher - INFO - Monitoring services
2025-08-02 18:25:55,251 - VCNS-Timer-Launcher - INFO - Monitoring subprocesses...
2025-08-02 19:07:24,042 - VCNS-Timer-Launcher - INFO - Starting VCNS Timer Launcher
2025-08-02 19:07:24,047 - VCNS-Timer-Launcher - INFO - Running inside Docker container.
2025-08-02 19:07:24,050 - VCNS-Timer-Launcher - INFO - Starting vcns_timer_service as subprocess in Docker/WSL with log redirection...
2025-08-02 19:07:24,086 - VCNS-Timer-Launcher - INFO - vcns_timer_service started with PID: 7. Logs redirected to /bellapp/logs/vcns_timer_service.log
2025-08-02 19:07:29,087 - VCNS-Timer-Launcher - INFO - Starting vcns_timer_web as subprocess in Docker/WSL with log redirection...
2025-08-02 19:07:29,100 - VCNS-Timer-Launcher - INFO - vcns_timer_web started with PID: 10. Logs redirected to /bellapp/logs/vcns_timer_web.log
2025-08-02 19:07:29,101 - VCNS-Timer-Launcher - INFO - Monitoring services
2025-08-02 19:07:29,101 - VCNS-Timer-Launcher - INFO - Monitoring subprocesses...
2025-08-02 19:43:50,467 - VCNS-Timer-Launcher - INFO - Starting VCNS Timer Launcher
2025-08-02 19:43:50,480 - VCNS-Timer-Launcher - INFO - Running inside Docker container.
2025-08-02 19:43:50,481 - VCNS-Timer-Launcher - INFO - Starting vcns_timer_service as subprocess in Docker/WSL with log redirection...
2025-08-02 19:43:50,505 - VCNS-Timer-Launcher - INFO - vcns_timer_service started with PID: 7. Logs redirected to /bellapp/logs/vcns_timer_service.log
2025-08-02 19:43:55,516 - VCNS-Timer-Launcher - INFO - Starting vcns_timer_web as subprocess in Docker/WSL with log redirection...
2025-08-02 19:43:55,600 - VCNS-Timer-Launcher - INFO - vcns_timer_web started with PID: 10. Logs redirected to /bellapp/logs/vcns_timer_web.log
2025-08-02 19:43:55,612 - VCNS-Timer-Launcher - INFO - Monitoring services
2025-08-02 19:43:55,638 - VCNS-Timer-Launcher - INFO - Monitoring subprocesses...
